[ERROR] 2019-04-20 22:48:55,707 [restartedMain] o.s.b.d.LoggingFailureAnalysisReporter - 

***************************
APPLICATION FAILED TO START
***************************

Description:

Field sendTaskService in com.zyportal2.system.serviceImpl.TaskServiceImpl required a bean of type 'com.zyportal2.system.service.SendTaskService' that could not be found.

The injection point has the following annotations:
	- @org.springframework.beans.factory.annotation.Autowired(required=true)


Action:

Consider defining a bean of type 'com.zyportal2.system.service.SendTaskService' in your configuration.

[ERROR] 2019-04-20 22:49:03,612 [pool-2-thread-1] c.z.s.serviceImpl.TaskServiceImpl - Cannot connect, Event executor group is terminated.
[ERROR] 2019-04-20 22:49:51,320 [restartedMain] o.s.boot.SpringApplication - Application run failed
org.springframework.beans.factory.BeanDefinitionStoreException: Failed to parse configuration class [com.zyportal2.SmssendApplication]; nested exception is java.io.FileNotFoundException: class path resource [com/zyportal2/system/service/SendTaskService.class] cannot be opened because it does not exist
	at org.springframework.context.annotation.ConfigurationClassParser.parse(ConfigurationClassParser.java:181)
	at org.springframework.context.annotation.ConfigurationClassPostProcessor.processConfigBeanDefinitions(ConfigurationClassPostProcessor.java:315)
	at org.springframework.context.annotation.ConfigurationClassPostProcessor.postProcessBeanDefinitionRegistry(ConfigurationClassPostProcessor.java:232)
	at org.springframework.context.support.PostProcessorRegistrationDelegate.invokeBeanDefinitionRegistryPostProcessors(PostProcessorRegistrationDelegate.java:275)
	at org.springframework.context.support.PostProcessorRegistrationDelegate.invokeBeanFactoryPostProcessors(PostProcessorRegistrationDelegate.java:95)
	at org.springframework.context.support.AbstractApplicationContext.invokeBeanFactoryPostProcessors(AbstractApplicationContext.java:705)
	at org.springframework.context.support.AbstractApplicationContext.refresh(AbstractApplicationContext.java:531)
	at org.springframework.boot.web.servlet.context.ServletWebServerApplicationContext.refresh(ServletWebServerApplicationContext.java:142)
	at org.springframework.boot.SpringApplication.refresh(SpringApplication.java:775)
	at org.springframework.boot.SpringApplication.refreshContext(SpringApplication.java:397)
	at org.springframework.boot.SpringApplication.run(SpringApplication.java:316)
	at org.springframework.boot.SpringApplication.run(SpringApplication.java:1260)
	at org.springframework.boot.SpringApplication.run(SpringApplication.java:1248)
	at com.zyportal2.SmssendApplication.main(SmssendApplication.java:26)
	at sun.reflect.NativeMethodAccessorImpl.invoke0(Native Method)
	at sun.reflect.NativeMethodAccessorImpl.invoke(NativeMethodAccessorImpl.java:62)
	at sun.reflect.DelegatingMethodAccessorImpl.invoke(DelegatingMethodAccessorImpl.java:43)
	at java.lang.reflect.Method.invoke(Method.java:498)
	at org.springframework.boot.devtools.restart.RestartLauncher.run(RestartLauncher.java:49)
Caused by: java.io.FileNotFoundException: class path resource [com/zyportal2/system/service/SendTaskService.class] cannot be opened because it does not exist
	at org.springframework.core.io.ClassPathResource.getInputStream(ClassPathResource.java:180)
	at org.springframework.core.type.classreading.SimpleMetadataReader.<init>(SimpleMetadataReader.java:51)
	at org.springframework.core.type.classreading.SimpleMetadataReaderFactory.getMetadataReader(SimpleMetadataReaderFactory.java:103)
	at org.springframework.boot.type.classreading.ConcurrentReferenceCachingMetadataReaderFactory.createMetadataReader(ConcurrentReferenceCachingMetadataReaderFactory.java:88)
	at org.springframework.boot.type.classreading.ConcurrentReferenceCachingMetadataReaderFactory.getMetadataReader(ConcurrentReferenceCachingMetadataReaderFactory.java:75)
	at org.springframework.core.type.classreading.SimpleMetadataReaderFactory.getMetadataReader(SimpleMetadataReaderFactory.java:81)
	at org.springframework.context.annotation.ConfigurationClassParser.asSourceClass(ConfigurationClassParser.java:685)
	at org.springframework.context.annotation.ConfigurationClassParser$SourceClass.getInterfaces(ConfigurationClassParser.java:1011)
	at org.springframework.context.annotation.ConfigurationClassParser.processInterfaces(ConfigurationClassParser.java:375)
	at org.springframework.context.annotation.ConfigurationClassParser.doProcessConfigurationClass(ConfigurationClassParser.java:323)
	at org.springframework.context.annotation.ConfigurationClassParser.processConfigurationClass(ConfigurationClassParser.java:242)
	at org.springframework.context.annotation.ConfigurationClassParser.parse(ConfigurationClassParser.java:191)
	at org.springframework.context.annotation.ConfigurationClassParser.doProcessConfigurationClass(ConfigurationClassParser.java:295)
	at org.springframework.context.annotation.ConfigurationClassParser.processConfigurationClass(ConfigurationClassParser.java:242)
	at org.springframework.context.annotation.ConfigurationClassParser.parse(ConfigurationClassParser.java:199)
	at org.springframework.context.annotation.ConfigurationClassParser.parse(ConfigurationClassParser.java:167)
	... 18 common frames omitted
[ERROR] 2019-04-20 22:50:11,569 [restartedMain] o.s.b.d.LoggingFailureAnalysisReporter - 

***************************
APPLICATION FAILED TO START
***************************

Description:

Field sendTaskService in com.zyportal2.system.serviceImpl.TaskServiceImpl required a bean of type 'com.zyportal2.system.service.SendTaskService' that could not be found.

The injection point has the following annotations:
	- @org.springframework.beans.factory.annotation.Autowired(required=true)


Action:

Consider defining a bean of type 'com.zyportal2.system.service.SendTaskService' in your configuration.

[ERROR] 2019-04-20 22:50:20,255 [restartedMain] o.s.b.d.LoggingFailureAnalysisReporter - 

***************************
APPLICATION FAILED TO START
***************************

Description:

Field sendTaskService in com.zyportal2.system.serviceImpl.TaskServiceImpl required a bean of type 'com.zyportal2.system.service.SendTaskService' that could not be found.

The injection point has the following annotations:
	- @org.springframework.beans.factory.annotation.Autowired(required=true)


Action:

Consider defining a bean of type 'com.zyportal2.system.service.SendTaskService' in your configuration.

[ERROR] 2019-04-20 22:51:30,376 [restartedMain] o.s.b.d.LoggingFailureAnalysisReporter - 

***************************
APPLICATION FAILED TO START
***************************

Description:

Field sendTaskService in com.zyportal2.system.serviceImpl.TaskServiceImpl required a bean of type 'com.zyportal2.system.service.SendTaskService' that could not be found.

The injection point has the following annotations:
	- @org.springframework.beans.factory.annotation.Autowired(required=true)


Action:

Consider defining a bean of type 'com.zyportal2.system.service.SendTaskService' in your configuration.

[ERROR] 2019-04-20 22:51:41,069 [restartedMain] o.s.boot.SpringApplication - Application run failed
org.springframework.beans.factory.BeanCreationException: Error creating bean with name 'taskService' defined in file [E:\msgInfo\target\classes\com\zyportal2\system\serviceImpl\TaskServiceImpl.class]: Post-processing of merged bean definition failed; nested exception is java.lang.IllegalStateException: Failed to introspect Class [com.zyportal2.system.serviceImpl.TaskServiceImpl] from ClassLoader [org.springframework.boot.devtools.restart.classloader.RestartClassLoader@2e3ec307]
	at org.springframework.beans.factory.support.AbstractAutowireCapableBeanFactory.doCreateBean(AbstractAutowireCapableBeanFactory.java:570)
	at org.springframework.beans.factory.support.AbstractAutowireCapableBeanFactory.createBean(AbstractAutowireCapableBeanFactory.java:515)
	at org.springframework.beans.factory.support.AbstractBeanFactory.lambda$doGetBean$0(AbstractBeanFactory.java:320)
	at org.springframework.beans.factory.support.DefaultSingletonBeanRegistry.getSingleton(DefaultSingletonBeanRegistry.java:222)
	at org.springframework.beans.factory.support.AbstractBeanFactory.doGetBean(AbstractBeanFactory.java:318)
	at org.springframework.beans.factory.support.AbstractBeanFactory.getBean(AbstractBeanFactory.java:199)
	at org.springframework.beans.factory.support.DefaultListableBeanFactory.preInstantiateSingletons(DefaultListableBeanFactory.java:849)
	at org.springframework.context.support.AbstractApplicationContext.finishBeanFactoryInitialization(AbstractApplicationContext.java:877)
	at org.springframework.context.support.AbstractApplicationContext.refresh(AbstractApplicationContext.java:549)
	at org.springframework.boot.web.servlet.context.ServletWebServerApplicationContext.refresh(ServletWebServerApplicationContext.java:142)
	at org.springframework.boot.SpringApplication.refresh(SpringApplication.java:775)
	at org.springframework.boot.SpringApplication.refreshContext(SpringApplication.java:397)
	at org.springframework.boot.SpringApplication.run(SpringApplication.java:316)
	at org.springframework.boot.SpringApplication.run(SpringApplication.java:1260)
	at org.springframework.boot.SpringApplication.run(SpringApplication.java:1248)
	at com.zyportal2.SmssendApplication.main(SmssendApplication.java:26)
	at sun.reflect.NativeMethodAccessorImpl.invoke0(Native Method)
	at sun.reflect.NativeMethodAccessorImpl.invoke(NativeMethodAccessorImpl.java:62)
	at sun.reflect.DelegatingMethodAccessorImpl.invoke(DelegatingMethodAccessorImpl.java:43)
	at java.lang.reflect.Method.invoke(Method.java:498)
	at org.springframework.boot.devtools.restart.RestartLauncher.run(RestartLauncher.java:49)
Caused by: java.lang.IllegalStateException: Failed to introspect Class [com.zyportal2.system.serviceImpl.TaskServiceImpl] from ClassLoader [org.springframework.boot.devtools.restart.classloader.RestartClassLoader@2e3ec307]
	at org.springframework.util.ReflectionUtils.getDeclaredFields(ReflectionUtils.java:785)
	at org.springframework.util.ReflectionUtils.doWithLocalFields(ReflectionUtils.java:717)
	at org.springframework.context.annotation.CommonAnnotationBeanPostProcessor.buildResourceMetadata(CommonAnnotationBeanPostProcessor.java:365)
	at org.springframework.context.annotation.CommonAnnotationBeanPostProcessor.findResourceMetadata(CommonAnnotationBeanPostProcessor.java:350)
	at org.springframework.context.annotation.CommonAnnotationBeanPostProcessor.postProcessMergedBeanDefinition(CommonAnnotationBeanPostProcessor.java:298)
	at org.springframework.beans.factory.support.AbstractAutowireCapableBeanFactory.applyMergedBeanDefinitionPostProcessors(AbstractAutowireCapableBeanFactory.java:1061)
	at org.springframework.beans.factory.support.AbstractAutowireCapableBeanFactory.doCreateBean(AbstractAutowireCapableBeanFactory.java:567)
	... 20 common frames omitted
Caused by: java.lang.NoClassDefFoundError: Lcom/zyportal2/system/service/SendTaskService;
	at java.lang.Class.getDeclaredFields0(Native Method)
	at java.lang.Class.privateGetDeclaredFields(Class.java:2583)
	at java.lang.Class.getDeclaredFields(Class.java:1916)
	at org.springframework.util.ReflectionUtils.getDeclaredFields(ReflectionUtils.java:780)
	... 26 common frames omitted
Caused by: java.lang.ClassNotFoundException: com.zyportal2.system.service.SendTaskService
	at java.net.URLClassLoader.findClass(URLClassLoader.java:381)
	at java.lang.ClassLoader.loadClass(ClassLoader.java:424)
	at sun.misc.Launcher$AppClassLoader.loadClass(Launcher.java:331)
	at java.lang.ClassLoader.loadClass(ClassLoader.java:357)
	at org.springframework.boot.devtools.restart.classloader.RestartClassLoader.loadClass(RestartClassLoader.java:148)
	at java.lang.ClassLoader.loadClass(ClassLoader.java:357)
	... 30 common frames omitted
[ERROR] 2019-04-20 22:51:57,618 [restartedMain] o.s.b.d.LoggingFailureAnalysisReporter - 

***************************
APPLICATION FAILED TO START
***************************

Description:

Field sendTaskService in com.zyportal2.system.serviceImpl.TaskServiceImpl required a bean of type 'com.zyportal2.system.service.SendTaskService' that could not be found.

The injection point has the following annotations:
	- @org.springframework.beans.factory.annotation.Autowired(required=true)


Action:

Consider defining a bean of type 'com.zyportal2.system.service.SendTaskService' in your configuration.

[ERROR] 2019-04-20 22:52:30,373 [pool-7-thread-1] c.z.s.serviceImpl.TaskServiceImpl - Cannot connect, Event executor group is terminated.
[ERROR] 2019-04-20 22:52:42,699 [pool-9-thread-1] c.z.s.serviceImpl.TaskServiceImpl - Cannot connect, Event executor group is terminated.
[ERROR] 2019-04-20 22:52:48,632 [pool-11-thread-1] c.z.s.serviceImpl.TaskServiceImpl - Cannot connect, Event executor group is terminated.
[ERROR] 2019-04-20 22:52:54,318 [pool-13-thread-1] c.z.s.serviceImpl.TaskServiceImpl - Cannot connect, Event executor group is terminated.
[ERROR] 2019-04-20 22:54:05,265 [pool-19-thread-1] c.z.s.serviceImpl.TaskServiceImpl - Cannot connect, Event executor group is terminated.
[ERROR] 2019-04-20 22:54:10,704 [pool-21-thread-1] c.z.s.serviceImpl.TaskServiceImpl - Cannot connect, Event executor group is terminated.
[ERROR] 2019-04-20 22:54:33,111 [pool-23-thread-1] c.z.s.serviceImpl.TaskServiceImpl - Cannot connect, Event executor group is terminated.
[ERROR] 2019-04-20 23:02:34,383 [pool-2-thread-1] c.z.s.serviceImpl.TaskServiceImpl - Cannot connect, Event executor group is terminated.
[ERROR] 2019-04-20 23:03:13,459 [pool-4-thread-1] c.z.s.serviceImpl.TaskServiceImpl - Cannot connect, Event executor group is terminated.
[ERROR] 2019-04-20 23:07:45,783 [pool-6-thread-1] c.z.s.serviceImpl.TaskServiceImpl - Cannot connect, Event executor group is terminated.
[ERROR] 2019-04-20 23:08:19,884 [pool-8-thread-1] c.z.s.serviceImpl.TaskServiceImpl - Cannot connect, Event executor group is terminated.
[ERROR] 2019-04-20 23:08:49,863 [pool-10-thread-1] c.z.s.serviceImpl.TaskServiceImpl - Cannot connect, Event executor group is terminated.
[ERROR] 2019-04-20 23:08:57,515 [pool-12-thread-1] c.z.s.serviceImpl.TaskServiceImpl - Cannot connect, Event executor group is terminated.
[ERROR] 2019-04-20 23:11:11,202 [pool-14-thread-1] c.z.s.serviceImpl.TaskServiceImpl - Cannot connect, Event executor group is terminated.
[ERROR] 2019-04-20 23:12:00,361 [pool-16-thread-1] c.z.s.serviceImpl.TaskServiceImpl - Cannot connect, Event executor group is terminated.
[ERROR] 2019-04-20 23:12:08,673 [pool-18-thread-1] c.z.s.serviceImpl.TaskServiceImpl - Cannot connect, Event executor group is terminated.
[ERROR] 2019-04-20 23:12:11,907 [pool-20-thread-1] c.z.s.serviceImpl.TaskServiceImpl - Cannot connect, Event executor group is terminated.
[ERROR] 2019-04-20 23:13:30,713 [pool-22-thread-1] c.z.s.serviceImpl.TaskServiceImpl - Cannot connect, Event executor group is terminated.
[ERROR] 2019-04-20 23:13:47,426 [pool-24-thread-1] c.z.s.serviceImpl.TaskServiceImpl - Cannot connect, Event executor group is terminated.
[ERROR] 2019-04-20 23:13:52,511 [pool-26-thread-1] c.z.s.serviceImpl.TaskServiceImpl - Cannot connect, Event executor group is terminated.
[ERROR] 2019-04-20 23:13:58,522 [pool-28-thread-1] c.z.s.serviceImpl.TaskServiceImpl - Cannot connect, Event executor group is terminated.
[ERROR] 2019-04-20 23:14:12,313 [pool-30-thread-1] c.z.s.serviceImpl.TaskServiceImpl - Cannot connect, Event executor group is terminated.
[ERROR] 2019-04-20 23:14:17,274 [pool-32-thread-1] c.z.s.serviceImpl.TaskServiceImpl - Cannot connect, Event executor group is terminated.
