[ERROR] 2019-04-18 08:42:19,756 [http-nio-8080-exec-2] c.z.s.controller.WebSocketServer - 发生错误
[ERROR] 2019-04-18 08:43:20,221 [http-nio-8080-exec-3] c.z.s.controller.WebSocketServer - 发生错误
[ERROR] 2019-04-18 08:48:08,830 [http-nio-8080-exec-9] c.z.s.controller.WebSocketServer - 发生错误
[ERROR] 2019-04-18 08:49:32,111 [http-nio-8080-exec-2] c.z.s.controller.WebSocketServer - 发生错误
[ERROR] 2019-04-18 08:58:36,713 [http-nio-8080-exec-4] c.z.s.controller.WebSocketServer - 发生错误
[ERROR] 2019-04-18 09:16:09,662 [http-nio-8080-exec-7] c.z.s.controller.WebSocketServer - 发生错误
[ERROR] 2019-04-18 09:17:44,918 [http-nio-8080-exec-7] c.z.s.controller.WebSocketServer - 发生错误
[ERROR] 2019-04-18 09:19:39,649 [http-nio-8080-exec-10] c.z.s.controller.WebSocketServer - 发生错误
[ERROR] 2019-04-18 09:20:43,926 [http-nio-8080-exec-10] c.z.s.controller.WebSocketServer - 发生错误
[ERROR] 2019-04-18 09:21:31,648 [http-nio-8080-exec-7] c.z.s.controller.WebSocketServer - 发生错误
[ERROR] 2019-04-18 09:25:11,826 [http-nio-8080-exec-9] c.z.s.controller.WebSocketServer - 发生错误
[ERROR] 2019-04-18 09:39:41,720 [http-nio-8080-exec-2] c.z.s.controller.WebSocketServer - 发生错误
[ERROR] 2019-04-18 09:45:04,710 [http-nio-8080-exec-5] c.z.s.controller.WebSocketServer - 发生错误
[ERROR] 2019-04-18 09:45:20,934 [http-nio-8080-exec-10] c.z.s.controller.WebSocketServer - 发生错误
[ERROR] 2019-04-18 09:46:22,723 [http-nio-8080-exec-4] c.z.s.controller.WebSocketServer - 发生错误
[ERROR] 2019-04-18 09:47:04,349 [http-nio-8080-exec-9] c.z.s.controller.WebSocketServer - 发生错误
[ERROR] 2019-04-18 09:47:53,193 [http-nio-8080-exec-5] c.z.s.controller.WebSocketServer - 发生错误
[ERROR] 2019-04-18 09:47:53,853 [http-nio-8080-exec-7] c.z.s.controller.WebSocketServer - 发生错误
[ERROR] 2019-04-18 09:48:51,939 [http-nio-8080-exec-8] c.z.s.controller.WebSocketServer - 发生错误
[ERROR] 2019-04-18 09:55:16,489 [http-nio-8080-exec-5] c.z.s.controller.WebSocketServer - 发生错误
[ERROR] 2019-04-18 09:56:04,956 [http-nio-8080-exec-3] c.z.s.controller.WebSocketServer - 发生错误
[ERROR] 2019-04-18 09:56:33,102 [http-nio-8080-exec-8] c.z.s.controller.WebSocketServer - 发生错误
[ERROR] 2019-04-18 09:56:35,272 [http-nio-8080-exec-3] c.z.s.controller.WebSocketServer - 发生错误
[ERROR] 2019-04-18 09:57:32,738 [http-nio-8080-exec-1] c.z.s.controller.WebSocketServer - 发生错误
[ERROR] 2019-04-18 10:02:00,279 [http-nio-8080-exec-8] c.z.s.controller.WebSocketServer - 发生错误
[ERROR] 2019-04-18 10:02:18,847 [http-nio-8080-exec-6] c.z.s.controller.WebSocketServer - 发生错误
[ERROR] 2019-04-18 10:26:23,296 [http-nio-8080-exec-1] c.z.s.controller.WebSocketServer - 发生错误
[ERROR] 2019-04-18 10:26:43,953 [http-nio-8080-exec-6] c.z.s.controller.WebSocketServer - 发生错误
[ERROR] 2019-04-18 10:28:16,167 [http-nio-8080-exec-2] c.z.s.controller.WebSocketServer - 发生错误
[ERROR] 2019-04-18 10:31:17,186 [http-nio-8080-exec-10] c.z.s.controller.WebSocketServer - 发生错误
[ERROR] 2019-04-18 10:31:58,753 [http-nio-8080-exec-7] c.z.s.controller.WebSocketServer - 发生错误
[ERROR] 2019-04-18 10:31:59,840 [http-nio-8080-exec-1] c.z.s.controller.WebSocketServer - 发生错误
[ERROR] 2019-04-18 10:32:44,835 [http-nio-8080-exec-10] c.z.s.controller.WebSocketServer - 发生错误
[ERROR] 2019-04-18 11:02:00,836 [http-nio-8080-exec-9] c.z.s.controller.WebSocketServer - 发生错误
[ERROR] 2019-04-18 11:03:32,063 [http-nio-8080-exec-4] c.z.s.controller.WebSocketServer - 发生错误
[ERROR] 2019-04-18 11:03:52,677 [http-nio-8080-exec-4] c.z.s.controller.WebSocketServer - 发生错误
[ERROR] 2019-04-18 11:04:03,417 [http-nio-8080-exec-8] c.z.s.controller.WebSocketServer - 发生错误
[ERROR] 2019-04-18 11:04:20,239 [http-nio-8080-exec-5] c.z.s.controller.WebSocketServer - 发生错误
[ERROR] 2019-04-18 11:04:53,969 [http-nio-8080-exec-1] c.z.s.controller.WebSocketServer - 发生错误
[ERROR] 2019-04-18 11:04:55,510 [http-nio-8080-exec-10] c.z.s.controller.WebSocketServer - 发生错误
[ERROR] 2019-04-18 11:07:07,286 [http-nio-8080-exec-6] c.z.s.controller.WebSocketServer - 发生错误
[ERROR] 2019-04-18 12:53:40,549 [http-nio-8080-exec-3] c.z.s.controller.WebSocketServer - 发生错误
[ERROR] 2019-04-18 12:59:35,365 [http-nio-8080-exec-2] c.z.s.controller.WebSocketServer - 发生错误
[ERROR] 2019-04-18 13:01:59,871 [http-nio-8080-exec-9] c.z.s.controller.WebSocketServer - 发生错误
[ERROR] 2019-04-18 13:03:18,646 [http-nio-8080-exec-9] c.z.s.controller.WebSocketServer - 发生错误
[ERROR] 2019-04-18 13:05:10,109 [http-nio-8080-exec-5] c.z.s.controller.WebSocketServer - 发生错误
[ERROR] 2019-04-18 13:07:30,498 [http-nio-8080-exec-5] c.z.s.controller.WebSocketServer - 发生错误
[ERROR] 2019-04-18 13:09:51,173 [http-nio-8080-exec-2] c.z.s.controller.WebSocketServer - 发生错误
[ERROR] 2019-04-18 13:10:26,812 [http-nio-8080-exec-10] c.z.s.controller.WebSocketServer - 发生错误
[ERROR] 2019-04-18 13:10:33,211 [http-nio-8080-exec-7] c.z.s.controller.WebSocketServer - 发生错误
[ERROR] 2019-04-18 13:11:20,772 [http-nio-8080-exec-6] c.z.s.controller.WebSocketServer - 发生错误
[ERROR] 2019-04-18 13:11:33,684 [http-nio-8080-exec-8] c.z.s.controller.WebSocketServer - 发生错误
[ERROR] 2019-04-18 13:12:13,830 [http-nio-8080-exec-9] c.z.s.controller.WebSocketServer - 发生错误
[ERROR] 2019-04-18 13:13:02,764 [http-nio-8080-exec-2] c.z.s.controller.WebSocketServer - 发生错误
[ERROR] 2019-04-18 13:13:39,157 [http-nio-8080-exec-9] c.z.s.controller.WebSocketServer - 发生错误
[ERROR] 2019-04-18 13:13:39,424 [http-nio-8080-exec-7] c.z.s.controller.WebSocketServer - 发生错误
[ERROR] 2019-04-18 13:16:25,345 [http-nio-8080-exec-7] c.z.s.controller.WebSocketServer - 发生错误
[ERROR] 2019-04-18 13:23:03,750 [http-nio-8080-exec-6] c.z.s.controller.WebSocketServer - 发生错误
[ERROR] 2019-04-18 13:32:23,440 [http-nio-8080-exec-7] c.z.s.controller.WebSocketServer - 发生错误
[ERROR] 2019-04-18 14:30:04,455 [http-nio-8080-exec-5] c.z.s.controller.WebSocketServer - 发生错误
[ERROR] 2019-04-18 14:30:33,961 [http-nio-8080-exec-10] c.z.s.controller.WebSocketServer - 发生错误
[ERROR] 2019-04-18 14:30:54,594 [http-nio-8080-exec-3] c.z.s.controller.WebSocketServer - 发生错误
[ERROR] 2019-04-18 14:31:40,714 [http-nio-8080-exec-4] c.z.s.controller.WebSocketServer - 发生错误
[ERROR] 2019-04-18 14:31:45,867 [http-nio-8080-exec-4] c.z.s.controller.WebSocketServer - 发生错误
[ERROR] 2019-04-18 14:32:09,293 [http-nio-8080-exec-7] c.z.s.controller.WebSocketServer - 发生错误
[ERROR] 2019-04-18 14:32:09,625 [http-nio-8080-exec-3] c.z.s.controller.WebSocketServer - 发生错误
[ERROR] 2019-04-18 14:36:19,956 [http-nio-8080-exec-9] c.z.s.controller.WebSocketServer - 发生错误
[ERROR] 2019-04-18 14:38:37,828 [http-nio-8080-exec-5] c.z.s.controller.WebSocketServer - 发生错误
[ERROR] 2019-04-18 14:38:56,754 [http-nio-8080-exec-7] c.z.s.controller.WebSocketServer - 发生错误
[ERROR] 2019-04-18 14:39:42,276 [http-nio-8080-exec-10] c.z.s.controller.WebSocketServer - 发生错误
[ERROR] 2019-04-18 14:44:44,675 [http-nio-8080-exec-5] c.z.s.controller.WebSocketServer - 发生错误
[ERROR] 2019-04-18 14:44:46,925 [http-nio-8080-exec-9] c.z.s.controller.WebSocketServer - 发生错误
[ERROR] 2019-04-18 14:48:15,790 [http-nio-8080-exec-4] c.z.s.controller.WebSocketServer - 发生错误
[ERROR] 2019-04-18 14:48:16,737 [http-nio-8080-exec-3] c.z.s.controller.WebSocketServer - 发生错误
[ERROR] 2019-04-18 14:48:41,513 [http-nio-8080-exec-7] c.z.s.controller.WebSocketServer - 发生错误
[ERROR] 2019-04-18 14:54:28,032 [http-nio-8080-exec-8] c.z.s.controller.WebSocketServer - 发生错误
[ERROR] 2019-04-18 14:54:29,636 [http-nio-8080-exec-6] c.z.s.controller.WebSocketServer - 发生错误
[ERROR] 2019-04-18 14:56:37,754 [http-nio-8080-exec-8] c.z.s.controller.WebSocketServer - 发生错误
[ERROR] 2019-04-18 14:56:53,751 [http-nio-8080-exec-4] c.z.s.controller.WebSocketServer - 发生错误
[ERROR] 2019-04-18 14:59:05,206 [http-nio-8080-exec-1] c.z.s.controller.WebSocketServer - 发生错误
[ERROR] 2019-04-18 15:02:43,256 [http-nio-8080-exec-2] c.z.s.controller.WebSocketServer - 发生错误
[ERROR] 2019-04-18 15:02:43,855 [http-nio-8080-exec-2] c.z.s.controller.WebSocketServer - 发生错误
[ERROR] 2019-04-18 15:03:14,957 [http-nio-8080-exec-1] c.z.s.controller.WebSocketServer - 发生错误
[ERROR] 2019-04-18 15:08:52,398 [http-nio-8080-exec-5] c.z.s.controller.WebSocketServer - 发生错误
[ERROR] 2019-04-18 15:08:55,329 [http-nio-8080-exec-6] c.z.s.controller.WebSocketServer - 发生错误
[ERROR] 2019-04-18 15:12:55,586 [http-nio-8080-exec-8] c.z.s.controller.WebSocketServer - 发生错误
[ERROR] 2019-04-18 15:22:32,989 [http-nio-8080-exec-9] c.z.s.controller.WebSocketServer - 发生错误
[ERROR] 2019-04-18 15:32:07,337 [http-nio-8080-exec-5] c.z.s.controller.WebSocketServer - 发生错误
[ERROR] 2019-04-18 15:32:39,824 [http-nio-8080-exec-9] c.z.s.controller.WebSocketServer - 发生错误
[ERROR] 2019-04-18 15:33:19,535 [http-nio-8080-exec-5] c.z.s.controller.WebSocketServer - 发生错误
[ERROR] 2019-04-18 15:33:20,378 [http-nio-8080-exec-6] c.z.s.controller.WebSocketServer - 发生错误
[ERROR] 2019-04-18 15:34:06,754 [http-nio-8080-exec-2] c.z.s.controller.WebSocketServer - 发生错误
[ERROR] 2019-04-18 15:35:46,691 [http-nio-8080-exec-4] c.z.s.controller.WebSocketServer - 发生错误
[ERROR] 2019-04-18 15:46:32,953 [http-nio-8080-exec-5] c.z.s.controller.WebSocketServer - 发生错误
[ERROR] 2019-04-18 15:47:32,553 [http-nio-8080-exec-5] c.z.s.controller.WebSocketServer - 发生错误
[ERROR] 2019-04-18 15:58:18,780 [http-nio-8080-exec-6] c.z.s.controller.WebSocketServer - 发生错误
[ERROR] 2019-04-18 16:04:21,693 [http-nio-8080-exec-1] c.z.s.controller.WebSocketServer - 发生错误
[ERROR] 2019-04-18 16:05:19,421 [http-nio-8080-exec-10] c.z.s.controller.WebSocketServer - 发生错误
[ERROR] 2019-04-18 16:06:13,072 [http-nio-8080-exec-7] c.z.s.controller.WebSocketServer - 发生错误
[ERROR] 2019-04-18 16:06:47,539 [http-nio-8080-exec-4] c.z.s.controller.WebSocketServer - 发生错误
[ERROR] 2019-04-18 16:07:22,858 [http-nio-8080-exec-10] c.z.s.controller.WebSocketServer - 发生错误
[ERROR] 2019-04-18 16:08:31,356 [http-nio-8080-exec-9] c.z.s.controller.WebSocketServer - 发生错误
[ERROR] 2019-04-18 16:09:32,437 [http-nio-8080-exec-2] c.z.s.controller.WebSocketServer - 发生错误
[ERROR] 2019-04-18 16:10:54,882 [http-nio-8080-exec-8] c.z.s.controller.WebSocketServer - 发生错误
[ERROR] 2019-04-18 16:11:08,909 [http-nio-8080-exec-6] c.z.s.controller.WebSocketServer - 发生错误
[ERROR] 2019-04-18 16:11:09,204 [http-nio-8080-exec-10] c.z.s.controller.WebSocketServer - 发生错误
[ERROR] 2019-04-18 16:16:43,921 [http-nio-8080-exec-10] c.z.s.controller.WebSocketServer - 发生错误
[ERROR] 2019-04-18 16:18:37,062 [http-nio-8080-exec-1] c.z.s.controller.WebSocketServer - 发生错误
[ERROR] 2019-04-18 16:19:29,506 [http-nio-8080-exec-1] c.z.s.controller.WebSocketServer - 发生错误
[ERROR] 2019-04-18 16:20:05,612 [http-nio-8080-exec-2] c.z.s.controller.WebSocketServer - 发生错误
[ERROR] 2019-04-18 16:20:55,876 [http-nio-8080-exec-8] c.z.s.controller.WebSocketServer - 发生错误
[ERROR] 2019-04-18 16:22:09,169 [http-nio-8080-exec-6] c.z.s.controller.WebSocketServer - 发生错误
[ERROR] 2019-04-18 16:24:27,776 [restartedMain] o.apache.catalina.util.LifecycleBase - Failed to start component [Connector[HTTP/1.1-8080]]
org.apache.catalina.LifecycleException: Protocol handler start failed
	at org.apache.catalina.connector.Connector.startInternal(Connector.java:1008)
	at org.apache.catalina.util.LifecycleBase.start(LifecycleBase.java:183)
	at org.apache.catalina.core.StandardService.addConnector(StandardService.java:226)
	at org.springframework.boot.web.embedded.tomcat.TomcatWebServer.addPreviouslyRemovedConnectors(TomcatWebServer.java:259)
	at org.springframework.boot.web.embedded.tomcat.TomcatWebServer.start(TomcatWebServer.java:197)
	at org.springframework.boot.web.servlet.context.ServletWebServerApplicationContext.startWebServer(ServletWebServerApplicationContext.java:311)
	at org.springframework.boot.web.servlet.context.ServletWebServerApplicationContext.finishRefresh(ServletWebServerApplicationContext.java:164)
	at org.springframework.context.support.AbstractApplicationContext.refresh(AbstractApplicationContext.java:552)
	at org.springframework.boot.web.servlet.context.ServletWebServerApplicationContext.refresh(ServletWebServerApplicationContext.java:142)
	at org.springframework.boot.SpringApplication.refresh(SpringApplication.java:775)
	at org.springframework.boot.SpringApplication.refreshContext(SpringApplication.java:397)
	at org.springframework.boot.SpringApplication.run(SpringApplication.java:316)
	at org.springframework.boot.SpringApplication.run(SpringApplication.java:1260)
	at org.springframework.boot.SpringApplication.run(SpringApplication.java:1248)
	at com.zyportal2.SmssendApplication.main(SmssendApplication.java:22)
	at sun.reflect.NativeMethodAccessorImpl.invoke0(Native Method)
	at sun.reflect.NativeMethodAccessorImpl.invoke(NativeMethodAccessorImpl.java:62)
	at sun.reflect.DelegatingMethodAccessorImpl.invoke(DelegatingMethodAccessorImpl.java:43)
	at java.lang.reflect.Method.invoke(Method.java:498)
	at org.springframework.boot.devtools.restart.RestartLauncher.run(RestartLauncher.java:49)
Caused by: java.net.BindException: Address already in use: bind
	at sun.nio.ch.Net.bind0(Native Method)
	at sun.nio.ch.Net.bind(Net.java:433)
	at sun.nio.ch.Net.bind(Net.java:425)
	at sun.nio.ch.ServerSocketChannelImpl.bind(ServerSocketChannelImpl.java:223)
	at sun.nio.ch.ServerSocketAdaptor.bind(ServerSocketAdaptor.java:74)
	at org.apache.tomcat.util.net.NioEndpoint.initServerSocket(NioEndpoint.java:236)
	at org.apache.tomcat.util.net.NioEndpoint.bind(NioEndpoint.java:210)
	at org.apache.tomcat.util.net.AbstractEndpoint.bindWithCleanup(AbstractEndpoint.java:1085)
	at org.apache.tomcat.util.net.AbstractEndpoint.start(AbstractEndpoint.java:1171)
	at org.apache.coyote.AbstractProtocol.start(AbstractProtocol.java:568)
	at org.apache.catalina.connector.Connector.startInternal(Connector.java:1005)
	... 19 common frames omitted
[ERROR] 2019-04-18 16:24:27,906 [restartedMain] o.s.b.d.LoggingFailureAnalysisReporter - 

***************************
APPLICATION FAILED TO START
***************************

Description:

The Tomcat connector configured to listen on port 8080 failed to start. The port may already be in use or the connector may be misconfigured.

Action:

Verify the connector's configuration, identify and stop any process that's listening on port 8080, or configure this application to listen on another port.

[ERROR] 2019-04-18 16:25:23,392 [restartedMain] o.apache.catalina.util.LifecycleBase - Failed to start component [Connector[HTTP/1.1-8080]]
org.apache.catalina.LifecycleException: Protocol handler start failed
	at org.apache.catalina.connector.Connector.startInternal(Connector.java:1008)
	at org.apache.catalina.util.LifecycleBase.start(LifecycleBase.java:183)
	at org.apache.catalina.core.StandardService.addConnector(StandardService.java:226)
	at org.springframework.boot.web.embedded.tomcat.TomcatWebServer.addPreviouslyRemovedConnectors(TomcatWebServer.java:259)
	at org.springframework.boot.web.embedded.tomcat.TomcatWebServer.start(TomcatWebServer.java:197)
	at org.springframework.boot.web.servlet.context.ServletWebServerApplicationContext.startWebServer(ServletWebServerApplicationContext.java:311)
	at org.springframework.boot.web.servlet.context.ServletWebServerApplicationContext.finishRefresh(ServletWebServerApplicationContext.java:164)
	at org.springframework.context.support.AbstractApplicationContext.refresh(AbstractApplicationContext.java:552)
	at org.springframework.boot.web.servlet.context.ServletWebServerApplicationContext.refresh(ServletWebServerApplicationContext.java:142)
	at org.springframework.boot.SpringApplication.refresh(SpringApplication.java:775)
	at org.springframework.boot.SpringApplication.refreshContext(SpringApplication.java:397)
	at org.springframework.boot.SpringApplication.run(SpringApplication.java:316)
	at org.springframework.boot.SpringApplication.run(SpringApplication.java:1260)
	at org.springframework.boot.SpringApplication.run(SpringApplication.java:1248)
	at com.zyportal2.SmssendApplication.main(SmssendApplication.java:22)
	at sun.reflect.NativeMethodAccessorImpl.invoke0(Native Method)
	at sun.reflect.NativeMethodAccessorImpl.invoke(NativeMethodAccessorImpl.java:62)
	at sun.reflect.DelegatingMethodAccessorImpl.invoke(DelegatingMethodAccessorImpl.java:43)
	at java.lang.reflect.Method.invoke(Method.java:498)
	at org.springframework.boot.devtools.restart.RestartLauncher.run(RestartLauncher.java:49)
Caused by: java.net.BindException: Address already in use: bind
	at sun.nio.ch.Net.bind0(Native Method)
	at sun.nio.ch.Net.bind(Net.java:433)
	at sun.nio.ch.Net.bind(Net.java:425)
	at sun.nio.ch.ServerSocketChannelImpl.bind(ServerSocketChannelImpl.java:223)
	at sun.nio.ch.ServerSocketAdaptor.bind(ServerSocketAdaptor.java:74)
	at org.apache.tomcat.util.net.NioEndpoint.initServerSocket(NioEndpoint.java:236)
	at org.apache.tomcat.util.net.NioEndpoint.bind(NioEndpoint.java:210)
	at org.apache.tomcat.util.net.AbstractEndpoint.bindWithCleanup(AbstractEndpoint.java:1085)
	at org.apache.tomcat.util.net.AbstractEndpoint.start(AbstractEndpoint.java:1171)
	at org.apache.coyote.AbstractProtocol.start(AbstractProtocol.java:568)
	at org.apache.catalina.connector.Connector.startInternal(Connector.java:1005)
	... 19 common frames omitted
[ERROR] 2019-04-18 16:25:23,445 [restartedMain] o.s.b.d.LoggingFailureAnalysisReporter - 

***************************
APPLICATION FAILED TO START
***************************

Description:

The Tomcat connector configured to listen on port 8080 failed to start. The port may already be in use or the connector may be misconfigured.

Action:

Verify the connector's configuration, identify and stop any process that's listening on port 8080, or configure this application to listen on another port.

[ERROR] 2019-04-18 16:31:45,537 [http-nio-8080-exec-6] c.z.s.controller.WebSocketServer - 发生错误
[ERROR] 2019-04-18 16:31:47,991 [http-nio-8080-exec-8] c.z.s.controller.WebSocketServer - 发生错误
[ERROR] 2019-04-18 16:31:49,010 [http-nio-8080-exec-8] c.z.s.controller.WebSocketServer - 发生错误
[ERROR] 2019-04-18 16:32:10,480 [http-nio-8080-exec-4] c.z.s.controller.WebSocketServer - 发生错误
[ERROR] 2019-04-18 16:32:16,515 [http-nio-8080-exec-7] c.z.s.controller.WebSocketServer - 发生错误
[ERROR] 2019-04-18 16:32:22,574 [http-nio-8080-exec-10] c.z.s.controller.WebSocketServer - 发生错误
[ERROR] 2019-04-18 16:32:28,602 [http-nio-8080-exec-5] c.z.s.controller.WebSocketServer - 发生错误
[ERROR] 2019-04-18 16:32:34,842 [http-nio-8080-exec-9] c.z.s.controller.WebSocketServer - 发生错误
[ERROR] 2019-04-18 16:32:41,823 [http-nio-8080-exec-6] c.z.s.controller.WebSocketServer - 发生错误
[ERROR] 2019-04-18 16:32:48,816 [http-nio-8080-exec-10] c.z.s.controller.WebSocketServer - 发生错误
[ERROR] 2019-04-18 16:32:55,825 [http-nio-8080-exec-8] c.z.s.controller.WebSocketServer - 发生错误
[ERROR] 2019-04-18 16:33:02,851 [http-nio-8080-exec-1] c.z.s.controller.WebSocketServer - 发生错误
[ERROR] 2019-04-18 16:33:08,874 [http-nio-8080-exec-4] c.z.s.controller.WebSocketServer - 发生错误
[ERROR] 2019-04-18 16:33:11,362 [http-nio-8080-exec-3] c.z.s.controller.WebSocketServer - 发生错误
[ERROR] 2019-04-18 16:33:17,393 [http-nio-8080-exec-9] c.z.s.controller.WebSocketServer - 发生错误
[ERROR] 2019-04-18 16:33:23,437 [http-nio-8080-exec-4] c.z.s.controller.WebSocketServer - 发生错误
[ERROR] 2019-04-18 16:33:29,461 [http-nio-8080-exec-6] c.z.s.controller.WebSocketServer - 发生错误
[ERROR] 2019-04-18 16:33:35,484 [http-nio-8080-exec-7] c.z.s.controller.WebSocketServer - 发生错误
[ERROR] 2019-04-18 16:33:41,508 [http-nio-8080-exec-8] c.z.s.controller.WebSocketServer - 发生错误
[ERROR] 2019-04-18 16:34:08,228 [http-nio-8080-exec-10] c.z.s.controller.WebSocketServer - 发生错误
[ERROR] 2019-04-18 16:36:06,829 [http-nio-8080-exec-7] c.z.s.controller.WebSocketServer - 发生错误
[ERROR] 2019-04-18 16:38:53,717 [http-nio-8080-exec-3] c.z.s.controller.WebSocketServer - 发生错误
[ERROR] 2019-04-18 16:39:33,369 [http-nio-8080-exec-8] c.z.s.controller.WebSocketServer - 发生错误
[ERROR] 2019-04-18 16:39:39,567 [http-nio-8080-exec-4] c.z.s.controller.WebSocketServer - 发生错误
[ERROR] 2019-04-18 16:39:58,902 [http-nio-8080-exec-9] c.z.s.controller.WebSocketServer - 发生错误
[ERROR] 2019-04-18 16:39:59,711 [http-nio-8080-exec-8] c.z.s.controller.WebSocketServer - 发生错误
[ERROR] 2019-04-18 16:40:22,471 [http-nio-8080-exec-5] c.z.s.controller.WebSocketServer - 发生错误
[ERROR] 2019-04-18 16:41:35,427 [http-nio-8080-exec-7] c.z.s.controller.WebSocketServer - 发生错误
[ERROR] 2019-04-18 16:43:09,084 [http-nio-8080-exec-8] c.z.s.controller.WebSocketServer - 发生错误
[ERROR] 2019-04-18 17:00:35,862 [http-nio-8080-exec-1] c.z.s.controller.WebSocketServer - 发生错误
[ERROR] 2019-04-18 17:20:26,048 [http-nio-8080-exec-5] c.z.s.controller.WebSocketServer - 发生错误
[ERROR] 2019-04-18 17:22:08,904 [http-nio-8080-exec-6] c.z.s.controller.WebSocketServer - 发生错误
[ERROR] 2019-04-18 17:22:35,157 [http-nio-8080-exec-6] c.z.s.controller.WebSocketServer - 发生错误
[ERROR] 2019-04-18 17:24:46,187 [http-nio-8080-exec-9] c.z.s.controller.WebSocketServer - 发生错误
[ERROR] 2019-04-18 17:26:21,671 [http-nio-8080-exec-5] c.z.s.controller.WebSocketServer - 发生错误
[ERROR] 2019-04-18 17:26:52,433 [http-nio-8080-exec-6] c.z.s.controller.WebSocketServer - 发生错误
[ERROR] 2019-04-18 17:26:59,042 [http-nio-8080-exec-3] c.z.s.controller.WebSocketServer - 发生错误
[ERROR] 2019-04-18 17:27:45,439 [http-nio-8080-exec-10] c.z.s.controller.WebSocketServer - 发生错误
[ERROR] 2019-04-18 17:28:31,508 [http-nio-8080-exec-5] c.z.s.controller.WebSocketServer - 发生错误
[ERROR] 2019-04-18 17:29:06,899 [http-nio-8080-exec-9] c.z.s.controller.WebSocketServer - 发生错误
[ERROR] 2019-04-18 17:30:33,107 [http-nio-8080-exec-1] c.z.s.controller.WebSocketServer - 发生错误
[ERROR] 2019-04-18 17:31:09,774 [http-nio-8080-exec-10] c.z.s.controller.WebSocketServer - 发生错误
[ERROR] 2019-04-18 17:39:25,233 [http-nio-8080-exec-2] c.z.s.controller.WebSocketServer - 发生错误
