[ERROR] 2020-09-23 17:09:13,798 [Thread-5] i.n.u.c.D.rejectedExecution - Failed to submit a listener notification task. Event loop shut down?
java.util.concurrent.RejectedExecutionException: event executor terminated
	at io.netty.util.concurrent.SingleThreadEventExecutor.reject(SingleThreadEventExecutor.java:845)
	at io.netty.util.concurrent.SingleThreadEventExecutor.offerTask(SingleThreadEventExecutor.java:328)
	at io.netty.util.concurrent.SingleThreadEventExecutor.addTask(SingleThreadEventExecutor.java:321)
	at io.netty.util.concurrent.SingleThreadEventExecutor.execute(SingleThreadEventExecutor.java:756)
	at io.netty.util.concurrent.DefaultPromise.safeExecute(DefaultPromise.java:768)
	at io.netty.util.concurrent.DefaultPromise.notifyListeners(DefaultPromise.java:432)
	at io.netty.util.concurrent.DefaultPromise.trySuccess(DefaultPromise.java:103)
	at io.netty.channel.DefaultChannelPromise.trySuccess(DefaultChannelPromise.java:84)
	at io.netty.channel.AbstractChannel$CloseFuture.setClosed(AbstractChannel.java:1152)
	at io.netty.channel.AbstractChannel$AbstractUnsafe.register(AbstractChannel.java:494)
	at io.netty.channel.SingleThreadEventLoop.register(SingleThreadEventLoop.java:80)
	at io.netty.channel.SingleThreadEventLoop.register(SingleThreadEventLoop.java:74)
	at io.netty.channel.MultithreadEventLoopGroup.register(MultithreadEventLoopGroup.java:86)
	at io.netty.bootstrap.AbstractBootstrap.initAndRegister(AbstractBootstrap.java:333)
	at io.netty.bootstrap.Bootstrap.doResolveAndConnect(Bootstrap.java:163)
	at io.netty.bootstrap.Bootstrap.connect(Bootstrap.java:145)
	at io.lettuce.core.AbstractRedisClient.initializeChannelAsync0(AbstractRedisClient.java:313)
	at io.lettuce.core.AbstractRedisClient.lambda$initializeChannelAsync$0(AbstractRedisClient.java:294)
	at reactor.core.publisher.LambdaMonoSubscriber.onNext(LambdaMonoSubscriber.java:137)
	at reactor.core.publisher.FluxOnAssembly$OnAssemblySubscriber.onNext(FluxOnAssembly.java:353)
	at reactor.core.publisher.FluxPeekFuseable$PeekFuseableSubscriber.onNext(FluxPeekFuseable.java:204)
	at reactor.core.publisher.FluxOnAssembly$OnAssemblySubscriber.onNext(FluxOnAssembly.java:353)
	at reactor.core.publisher.FluxPeekFuseable$PeekFuseableSubscriber.onNext(FluxPeekFuseable.java:204)
	at reactor.core.publisher.FluxOnAssembly$OnAssemblySubscriber.onNext(FluxOnAssembly.java:353)
	at reactor.core.publisher.FluxPeekFuseable$PeekFuseableSubscriber.onNext(FluxPeekFuseable.java:204)
	at reactor.core.publisher.FluxOnAssembly$OnAssemblySubscriber.onNext(FluxOnAssembly.java:353)
	at reactor.core.publisher.FluxOnAssembly$OnAssemblySubscriber.onNext(FluxOnAssembly.java:353)
	at reactor.core.publisher.Operators$MonoSubscriber.complete(Operators.java:1505)
	at reactor.core.publisher.MonoCallable.subscribe(MonoCallable.java:61)
	at reactor.core.publisher.MonoCallableOnAssembly.subscribe(MonoCallableOnAssembly.java:82)
	at reactor.core.publisher.MonoDefer.subscribe(MonoDefer.java:52)
	at reactor.core.publisher.MonoOnAssembly.subscribe(MonoOnAssembly.java:61)
	at reactor.core.publisher.MonoPeekFuseable.subscribe(MonoPeekFuseable.java:74)
	at reactor.core.publisher.MonoOnAssembly.subscribe(MonoOnAssembly.java:61)
	at reactor.core.publisher.MonoPeekFuseable.subscribe(MonoPeekFuseable.java:74)
	at reactor.core.publisher.MonoOnAssembly.subscribe(MonoOnAssembly.java:61)
	at reactor.core.publisher.MonoPeekFuseable.subscribe(MonoPeekFuseable.java:74)
	at reactor.core.publisher.MonoOnAssembly.subscribe(MonoOnAssembly.java:61)
	at reactor.core.publisher.Mono.subscribe(Mono.java:3694)
	at reactor.core.publisher.Mono.subscribeWith(Mono.java:3800)
	at reactor.core.publisher.Mono.subscribe(Mono.java:3688)
	at reactor.core.publisher.Mono.subscribe(Mono.java:3655)
	at reactor.core.publisher.Mono.subscribe(Mono.java:3627)
	at io.lettuce.core.AbstractRedisClient.initializeChannelAsync(AbstractRedisClient.java:289)
	at io.lettuce.core.RedisClient.connectStatefulAsync(RedisClient.java:314)
	at io.lettuce.core.RedisClient.connectStandaloneAsync(RedisClient.java:271)
	at io.lettuce.core.RedisClient.connect(RedisClient.java:204)
	at org.springframework.data.redis.connection.lettuce.StandaloneConnectionProvider.lambda$getConnection$1(StandaloneConnectionProvider.java:113)
	at java.util.Optional.orElseGet(Optional.java:267)
	at org.springframework.data.redis.connection.lettuce.StandaloneConnectionProvider.getConnection(StandaloneConnectionProvider.java:113)
	at org.springframework.data.redis.connection.lettuce.LettuceConnectionFactory$SharedConnection.getNativeConnection(LettuceConnectionFactory.java:1085)
	at org.springframework.data.redis.connection.lettuce.LettuceConnectionFactory$SharedConnection.getConnection(LettuceConnectionFactory.java:1065)
	at org.springframework.data.redis.connection.lettuce.LettuceConnectionFactory.getSharedConnection(LettuceConnectionFactory.java:865)
	at org.springframework.data.redis.connection.lettuce.LettuceConnectionFactory.getConnection(LettuceConnectionFactory.java:340)
	at org.springframework.data.redis.core.RedisConnectionUtils.doGetConnection(RedisConnectionUtils.java:132)
	at org.springframework.data.redis.core.RedisConnectionUtils.getConnection(RedisConnectionUtils.java:95)
	at org.springframework.data.redis.core.RedisConnectionUtils.getConnection(RedisConnectionUtils.java:82)
	at org.springframework.data.redis.core.RedisTemplate.execute(RedisTemplate.java:211)
	at org.springframework.data.redis.core.RedisTemplate.execute(RedisTemplate.java:184)
	at org.springframework.data.redis.core.AbstractOperations.execute(AbstractOperations.java:95)
	at org.springframework.data.redis.core.DefaultValueOperations.get(DefaultValueOperations.java:53)
	at com.zyportal2.system.serviceImpl.SkypeServiceImpl.selectSendList(SkypeServiceImpl.java:158)
	at com.zyportal2.system.serviceImpl.SkypeServiceImpl.takeTel(SkypeServiceImpl.java:61)
	at com.zyportal2.system.util.SkypeUtil.run(SkypeUtil.java:42)
[ERROR] 2020-09-23 17:09:13,800 [Thread-5] i.n.u.c.D.rejectedExecution - Failed to submit a listener notification task. Event loop shut down?
java.util.concurrent.RejectedExecutionException: event executor terminated
	at io.netty.util.concurrent.SingleThreadEventExecutor.reject(SingleThreadEventExecutor.java:845)
	at io.netty.util.concurrent.SingleThreadEventExecutor.offerTask(SingleThreadEventExecutor.java:328)
	at io.netty.util.concurrent.SingleThreadEventExecutor.addTask(SingleThreadEventExecutor.java:321)
	at io.netty.util.concurrent.SingleThreadEventExecutor.execute(SingleThreadEventExecutor.java:756)
	at io.netty.util.concurrent.DefaultPromise.safeExecute(DefaultPromise.java:768)
	at io.netty.util.concurrent.DefaultPromise.notifyListeners(DefaultPromise.java:432)
	at io.netty.util.concurrent.DefaultPromise.tryFailure(DefaultPromise.java:121)
	at io.netty.channel.AbstractChannel$AbstractUnsafe.safeSetFailure(AbstractChannel.java:991)
	at io.netty.channel.AbstractChannel$AbstractUnsafe.register(AbstractChannel.java:495)
	at io.netty.channel.SingleThreadEventLoop.register(SingleThreadEventLoop.java:80)
	at io.netty.channel.SingleThreadEventLoop.register(SingleThreadEventLoop.java:74)
	at io.netty.channel.MultithreadEventLoopGroup.register(MultithreadEventLoopGroup.java:86)
	at io.netty.bootstrap.AbstractBootstrap.initAndRegister(AbstractBootstrap.java:333)
	at io.netty.bootstrap.Bootstrap.doResolveAndConnect(Bootstrap.java:163)
	at io.netty.bootstrap.Bootstrap.connect(Bootstrap.java:145)
	at io.lettuce.core.AbstractRedisClient.initializeChannelAsync0(AbstractRedisClient.java:313)
	at io.lettuce.core.AbstractRedisClient.lambda$initializeChannelAsync$0(AbstractRedisClient.java:294)
	at reactor.core.publisher.LambdaMonoSubscriber.onNext(LambdaMonoSubscriber.java:137)
	at reactor.core.publisher.FluxOnAssembly$OnAssemblySubscriber.onNext(FluxOnAssembly.java:353)
	at reactor.core.publisher.FluxPeekFuseable$PeekFuseableSubscriber.onNext(FluxPeekFuseable.java:204)
	at reactor.core.publisher.FluxOnAssembly$OnAssemblySubscriber.onNext(FluxOnAssembly.java:353)
	at reactor.core.publisher.FluxPeekFuseable$PeekFuseableSubscriber.onNext(FluxPeekFuseable.java:204)
	at reactor.core.publisher.FluxOnAssembly$OnAssemblySubscriber.onNext(FluxOnAssembly.java:353)
	at reactor.core.publisher.FluxPeekFuseable$PeekFuseableSubscriber.onNext(FluxPeekFuseable.java:204)
	at reactor.core.publisher.FluxOnAssembly$OnAssemblySubscriber.onNext(FluxOnAssembly.java:353)
	at reactor.core.publisher.FluxOnAssembly$OnAssemblySubscriber.onNext(FluxOnAssembly.java:353)
	at reactor.core.publisher.Operators$MonoSubscriber.complete(Operators.java:1505)
	at reactor.core.publisher.MonoCallable.subscribe(MonoCallable.java:61)
	at reactor.core.publisher.MonoCallableOnAssembly.subscribe(MonoCallableOnAssembly.java:82)
	at reactor.core.publisher.MonoDefer.subscribe(MonoDefer.java:52)
	at reactor.core.publisher.MonoOnAssembly.subscribe(MonoOnAssembly.java:61)
	at reactor.core.publisher.MonoPeekFuseable.subscribe(MonoPeekFuseable.java:74)
	at reactor.core.publisher.MonoOnAssembly.subscribe(MonoOnAssembly.java:61)
	at reactor.core.publisher.MonoPeekFuseable.subscribe(MonoPeekFuseable.java:74)
	at reactor.core.publisher.MonoOnAssembly.subscribe(MonoOnAssembly.java:61)
	at reactor.core.publisher.MonoPeekFuseable.subscribe(MonoPeekFuseable.java:74)
	at reactor.core.publisher.MonoOnAssembly.subscribe(MonoOnAssembly.java:61)
	at reactor.core.publisher.Mono.subscribe(Mono.java:3694)
	at reactor.core.publisher.Mono.subscribeWith(Mono.java:3800)
	at reactor.core.publisher.Mono.subscribe(Mono.java:3688)
	at reactor.core.publisher.Mono.subscribe(Mono.java:3655)
	at reactor.core.publisher.Mono.subscribe(Mono.java:3627)
	at io.lettuce.core.AbstractRedisClient.initializeChannelAsync(AbstractRedisClient.java:289)
	at io.lettuce.core.RedisClient.connectStatefulAsync(RedisClient.java:314)
	at io.lettuce.core.RedisClient.connectStandaloneAsync(RedisClient.java:271)
	at io.lettuce.core.RedisClient.connect(RedisClient.java:204)
	at org.springframework.data.redis.connection.lettuce.StandaloneConnectionProvider.lambda$getConnection$1(StandaloneConnectionProvider.java:113)
	at java.util.Optional.orElseGet(Optional.java:267)
	at org.springframework.data.redis.connection.lettuce.StandaloneConnectionProvider.getConnection(StandaloneConnectionProvider.java:113)
	at org.springframework.data.redis.connection.lettuce.LettuceConnectionFactory$SharedConnection.getNativeConnection(LettuceConnectionFactory.java:1085)
	at org.springframework.data.redis.connection.lettuce.LettuceConnectionFactory$SharedConnection.getConnection(LettuceConnectionFactory.java:1065)
	at org.springframework.data.redis.connection.lettuce.LettuceConnectionFactory.getSharedConnection(LettuceConnectionFactory.java:865)
	at org.springframework.data.redis.connection.lettuce.LettuceConnectionFactory.getConnection(LettuceConnectionFactory.java:340)
	at org.springframework.data.redis.core.RedisConnectionUtils.doGetConnection(RedisConnectionUtils.java:132)
	at org.springframework.data.redis.core.RedisConnectionUtils.getConnection(RedisConnectionUtils.java:95)
	at org.springframework.data.redis.core.RedisConnectionUtils.getConnection(RedisConnectionUtils.java:82)
	at org.springframework.data.redis.core.RedisTemplate.execute(RedisTemplate.java:211)
	at org.springframework.data.redis.core.RedisTemplate.execute(RedisTemplate.java:184)
	at org.springframework.data.redis.core.AbstractOperations.execute(AbstractOperations.java:95)
	at org.springframework.data.redis.core.DefaultValueOperations.get(DefaultValueOperations.java:53)
	at com.zyportal2.system.serviceImpl.SkypeServiceImpl.selectSendList(SkypeServiceImpl.java:158)
	at com.zyportal2.system.serviceImpl.SkypeServiceImpl.takeTel(SkypeServiceImpl.java:61)
	at com.zyportal2.system.util.SkypeUtil.run(SkypeUtil.java:42)
[ERROR] 2020-09-23 17:09:13,800 [Thread-5] i.n.u.c.D.rejectedExecution - Failed to submit a listener notification task. Event loop shut down?
java.util.concurrent.RejectedExecutionException: event executor terminated
	at io.netty.util.concurrent.SingleThreadEventExecutor.reject(SingleThreadEventExecutor.java:845)
	at io.netty.util.concurrent.SingleThreadEventExecutor.offerTask(SingleThreadEventExecutor.java:328)
	at io.netty.util.concurrent.SingleThreadEventExecutor.addTask(SingleThreadEventExecutor.java:321)
	at io.netty.util.concurrent.SingleThreadEventExecutor.execute(SingleThreadEventExecutor.java:756)
	at io.netty.util.concurrent.DefaultPromise.safeExecute(DefaultPromise.java:768)
	at io.netty.util.concurrent.DefaultPromise.notifyListeners(DefaultPromise.java:432)
	at io.netty.util.concurrent.DefaultPromise.addListener(DefaultPromise.java:162)
	at io.netty.channel.DefaultChannelPromise.addListener(DefaultChannelPromise.java:95)
	at io.netty.channel.DefaultChannelPromise.addListener(DefaultChannelPromise.java:30)
	at io.lettuce.core.AbstractRedisClient.initializeChannelAsync0(AbstractRedisClient.java:323)
	at io.lettuce.core.AbstractRedisClient.lambda$initializeChannelAsync$0(AbstractRedisClient.java:294)
	at reactor.core.publisher.LambdaMonoSubscriber.onNext(LambdaMonoSubscriber.java:137)
	at reactor.core.publisher.FluxOnAssembly$OnAssemblySubscriber.onNext(FluxOnAssembly.java:353)
	at reactor.core.publisher.FluxPeekFuseable$PeekFuseableSubscriber.onNext(FluxPeekFuseable.java:204)
	at reactor.core.publisher.FluxOnAssembly$OnAssemblySubscriber.onNext(FluxOnAssembly.java:353)
	at reactor.core.publisher.FluxPeekFuseable$PeekFuseableSubscriber.onNext(FluxPeekFuseable.java:204)
	at reactor.core.publisher.FluxOnAssembly$OnAssemblySubscriber.onNext(FluxOnAssembly.java:353)
	at reactor.core.publisher.FluxPeekFuseable$PeekFuseableSubscriber.onNext(FluxPeekFuseable.java:204)
	at reactor.core.publisher.FluxOnAssembly$OnAssemblySubscriber.onNext(FluxOnAssembly.java:353)
	at reactor.core.publisher.FluxOnAssembly$OnAssemblySubscriber.onNext(FluxOnAssembly.java:353)
	at reactor.core.publisher.Operators$MonoSubscriber.complete(Operators.java:1505)
	at reactor.core.publisher.MonoCallable.subscribe(MonoCallable.java:61)
	at reactor.core.publisher.MonoCallableOnAssembly.subscribe(MonoCallableOnAssembly.java:82)
	at reactor.core.publisher.MonoDefer.subscribe(MonoDefer.java:52)
	at reactor.core.publisher.MonoOnAssembly.subscribe(MonoOnAssembly.java:61)
	at reactor.core.publisher.MonoPeekFuseable.subscribe(MonoPeekFuseable.java:74)
	at reactor.core.publisher.MonoOnAssembly.subscribe(MonoOnAssembly.java:61)
	at reactor.core.publisher.MonoPeekFuseable.subscribe(MonoPeekFuseable.java:74)
	at reactor.core.publisher.MonoOnAssembly.subscribe(MonoOnAssembly.java:61)
	at reactor.core.publisher.MonoPeekFuseable.subscribe(MonoPeekFuseable.java:74)
	at reactor.core.publisher.MonoOnAssembly.subscribe(MonoOnAssembly.java:61)
	at reactor.core.publisher.Mono.subscribe(Mono.java:3694)
	at reactor.core.publisher.Mono.subscribeWith(Mono.java:3800)
	at reactor.core.publisher.Mono.subscribe(Mono.java:3688)
	at reactor.core.publisher.Mono.subscribe(Mono.java:3655)
	at reactor.core.publisher.Mono.subscribe(Mono.java:3627)
	at io.lettuce.core.AbstractRedisClient.initializeChannelAsync(AbstractRedisClient.java:289)
	at io.lettuce.core.RedisClient.connectStatefulAsync(RedisClient.java:314)
	at io.lettuce.core.RedisClient.connectStandaloneAsync(RedisClient.java:271)
	at io.lettuce.core.RedisClient.connect(RedisClient.java:204)
	at org.springframework.data.redis.connection.lettuce.StandaloneConnectionProvider.lambda$getConnection$1(StandaloneConnectionProvider.java:113)
	at java.util.Optional.orElseGet(Optional.java:267)
	at org.springframework.data.redis.connection.lettuce.StandaloneConnectionProvider.getConnection(StandaloneConnectionProvider.java:113)
	at org.springframework.data.redis.connection.lettuce.LettuceConnectionFactory$SharedConnection.getNativeConnection(LettuceConnectionFactory.java:1085)
	at org.springframework.data.redis.connection.lettuce.LettuceConnectionFactory$SharedConnection.getConnection(LettuceConnectionFactory.java:1065)
	at org.springframework.data.redis.connection.lettuce.LettuceConnectionFactory.getSharedConnection(LettuceConnectionFactory.java:865)
	at org.springframework.data.redis.connection.lettuce.LettuceConnectionFactory.getConnection(LettuceConnectionFactory.java:340)
	at org.springframework.data.redis.core.RedisConnectionUtils.doGetConnection(RedisConnectionUtils.java:132)
	at org.springframework.data.redis.core.RedisConnectionUtils.getConnection(RedisConnectionUtils.java:95)
	at org.springframework.data.redis.core.RedisConnectionUtils.getConnection(RedisConnectionUtils.java:82)
	at org.springframework.data.redis.core.RedisTemplate.execute(RedisTemplate.java:211)
	at org.springframework.data.redis.core.RedisTemplate.execute(RedisTemplate.java:184)
	at org.springframework.data.redis.core.AbstractOperations.execute(AbstractOperations.java:95)
	at org.springframework.data.redis.core.DefaultValueOperations.get(DefaultValueOperations.java:53)
	at com.zyportal2.system.serviceImpl.SkypeServiceImpl.selectSendList(SkypeServiceImpl.java:158)
	at com.zyportal2.system.serviceImpl.SkypeServiceImpl.takeTel(SkypeServiceImpl.java:61)
	at com.zyportal2.system.util.SkypeUtil.run(SkypeUtil.java:42)
